\BOOKMARK [0][-]{chapter.1}{\376\377\000I\000n\000s\000t\000a\000l\000l\000a\000t\000i\000o\000n\000\040\000a\000n\000d\000\040\000D\000e\000p\000e\000n\000d\000e\000n\000c\000i\000e\000s}{}% 1
\BOOKMARK [0][-]{chapter.2}{\376\377\000U\000s\000i\000n\000g\000\040\000S\000P\000L\000A\000T}{}% 2
\BOOKMARK [0][-]{chapter.3}{\376\377\000A\000c\000k\000n\000o\000w\000l\000e\000d\000g\000e\000m\000e\000n\000t\000s}{}% 3
\BOOKMARK [1][-]{section.3.1}{\376\377\000I\000n\000s\000t\000a\000l\000l\000a\000t\000i\000o\000n\000\040\000a\000n\000d\000\040\000D\000e\000p\000e\000n\000d\000e\000n\000c\000i\000e\000s}{chapter.3}% 4
\BOOKMARK [1][-]{section.3.2}{\376\377\000Q\000u\000i\000c\000k\000s\000t\000a\000r\000t}{chapter.3}% 5
\BOOKMARK [1][-]{section.3.3}{\376\377\000M\000a\000i\000n\000\040\000S\000P\000L\000A\000T\000\040\000m\000o\000d\000u\000l\000e}{chapter.3}% 6
\BOOKMARK [2][-]{subsection.3.3.1}{\376\377\000T\000h\000e\000\040\000S\000P\000L\000A\000T\000\040\000S\000p\000e\000c\000t\000r\000u\000m\000\040\000o\000b\000j\000e\000c\000t}{section.3.3}% 7
\BOOKMARK [2][-]{subsection.3.3.2}{\376\377\000S\000p\000e\000c\000t\000r\000a\000l\000\040\000A\000n\000a\000l\000y\000s\000i\000s}{section.3.3}% 8
\BOOKMARK [2][-]{subsection.3.3.3}{\376\377\000S\000p\000e\000c\000t\000r\000o\000p\000h\000o\000t\000o\000m\000e\000t\000r\000y}{section.3.3}% 9
\BOOKMARK [2][-]{subsection.3.3.4}{\376\377\000C\000l\000a\000s\000s\000i\000f\000i\000c\000a\000t\000i\000o\000n}{section.3.3}% 10
\BOOKMARK [2][-]{subsection.3.3.5}{\376\377\000P\000o\000t\000e\000n\000t\000i\000a\000l\000l\000y\000\040\000U\000s\000e\000f\000u\000l\000\040\000P\000r\000o\000g\000r\000a\000m\000\040\000C\000o\000n\000s\000t\000a\000n\000t\000s}{section.3.3}% 11
\BOOKMARK [2][-]{subsection.3.3.6}{\376\377\000A\000d\000d\000i\000t\000i\000o\000n\000a\000l\000\040\000P\000r\000o\000g\000r\000a\000m\000s}{section.3.3}% 12
\BOOKMARK [1][-]{section.3.4}{\376\377\000S\000P\000L\000A\000T\000\040\000P\000l\000o\000t\000t\000i\000n\000g\000\040\000R\000o\000u\000t\000i\000n\000e\000s}{chapter.3}% 13
\BOOKMARK [2][-]{subsection.3.4.1}{\376\377\000p\000l\000o\000t\000S\000p\000e\000c\000t\000r\000u\000m}{section.3.4}% 14
\BOOKMARK [2][-]{subsection.3.4.2}{\376\377\000E\000x\000a\000m\000p\000l\000e\000s}{section.3.4}% 15
\BOOKMARK [2][-]{subsection.3.4.3}{\376\377\000R\000o\000u\000t\000i\000n\000e\000s}{section.3.4}% 16
\BOOKMARK [1][-]{section.3.5}{\376\377\000S\000P\000L\000A\000T\000\040\000S\000p\000e\000c\000t\000r\000a\000l\000\040\000M\000o\000d\000e\000l\000i\000n\000g}{chapter.3}% 17
\BOOKMARK [1][-]{section.3.6}{\376\377\000B\000r\000o\000w\000n\000\040\000D\000w\000a\000r\000f\000\040\000E\000v\000o\000l\000u\000t\000i\000o\000n\000a\000r\000y\000\040\000M\000o\000d\000e\000l\000s}{chapter.3}% 18
\BOOKMARK [1][-]{section.3.7}{\376\377\000K\000n\000o\000w\000n\000\040\000B\000u\000g\000s}{chapter.3}% 19
\BOOKMARK [2][-]{subsection.3.7.1}{\376\377\000H\000i\000g\000h\000\040\000p\000r\000i\000o\000r\000i\000t\000y}{section.3.7}% 20
\BOOKMARK [2][-]{subsection.3.7.2}{\376\377\000M\000e\000d\000i\000u\000m\000\040\000p\000r\000i\000o\000r\000i\000t\000y}{section.3.7}% 21
\BOOKMARK [2][-]{subsection.3.7.3}{\376\377\000L\000o\000w\000\040\000p\000r\000i\000o\000r\000i\000t\000y}{section.3.7}% 22
\BOOKMARK [1][-]{section.3.8}{\376\377\000A\000P\000I}{chapter.3}% 23
\BOOKMARK [2][-]{subsection.3.8.1}{\376\377\000S\000P\000L\000A\000T\000\040\000C\000l\000a\000s\000s\000e\000s}{section.3.8}% 24
\BOOKMARK [2][-]{subsection.3.8.2}{\376\377\000S\000P\000L\000A\000T\000\040\000R\000o\000u\000t\000i\000n\000e\000s}{section.3.8}% 25
\BOOKMARK [0][-]{section*.106}{\376\377\000P\000y\000t\000h\000o\000n\000\040\000M\000o\000d\000u\000l\000e\000\040\000I\000n\000d\000e\000x}{}% 26
